<?xml version="1.0" encoding="UTF-8"?>
<testsuite xmlns:xsi="http://www.w3.org/2001/XMLSchema-instance" xsi:noNamespaceSchemaLocation="https://maven.apache.org/surefire/maven-surefire-plugin/xsd/surefire-test-report.xsd" name="hello.HelloWorldApplicationTest" time="6.782" tests="2" errors="0" skipped="0" failures="0">
  <properties>
[...]
</properties>
  <testcase name="shouldReturn200WhenSendingRequestToManagementEndpoint" classname="hello.HelloWorldApplicationTest" time="1.078"/>
  <testcase name="shouldReturn200WhenSendingRequestToController" classname="hello.HelloWorldApplicationTest" time="0.078"/>
</testsuite>